Release 14.7 - xst P.20131013 (nt)
Copyright (c) 1995-2013 Xilinx, Inc.  All rights reserved.
--> Parameter TMPDIR set to xst/projnav.tmp


Total REAL time to Xst completion: 0.00 secs
Total CPU time to Xst completion: 0.09 secs
 
--> Parameter xsthdpdir set to xst


Total REAL time to Xst completion: 0.00 secs
Total CPU time to Xst completion: 0.09 secs
 
--> Reading design: main.prj

TABLE OF CONTENTS
  1) Synthesis Options Summary
  2) HDL Compilation
  3) Design Hierarchy Analysis
  4) HDL Analysis
  5) HDL Synthesis
     5.1) HDL Synthesis Report
  6) Advanced HDL Synthesis
     6.1) Advanced HDL Synthesis Report
  7) Low Level Synthesis
  8) Partition Report
  9) Final Report
	9.1) Device utilization summary
	9.2) Partition Resource Summary
	9.3) TIMING REPORT


=========================================================================
*                      Synthesis Options Summary                        *
=========================================================================
---- Source Parameters
Input File Name                    : "main.prj"
Input Format                       : mixed
Ignore Synthesis Constraint File   : NO

---- Target Parameters
Output File Name                   : "main"
Output Format                      : NGC
Target Device                      : xc3s500e-5-ft256

---- Source Options
Top Module Name                    : main
Automatic FSM Extraction           : YES
FSM Encoding Algorithm             : Auto
Safe Implementation                : No
FSM Style                          : LUT
RAM Extraction                     : Yes
RAM Style                          : Auto
ROM Extraction                     : Yes
Mux Style                          : Auto
Decoder Extraction                 : YES
Priority Encoder Extraction        : Yes
Shift Register Extraction          : YES
Logical Shifter Extraction         : YES
XOR Collapsing                     : YES
ROM Style                          : Auto
Mux Extraction                     : Yes
Resource Sharing                   : YES
Asynchronous To Synchronous        : NO
Multiplier Style                   : Auto
Automatic Register Balancing       : No

---- Target Options
Add IO Buffers                     : YES
Global Maximum Fanout              : 100000
Add Generic Clock Buffer(BUFG)     : 24
Register Duplication               : YES
Slice Packing                      : YES
Optimize Instantiated Primitives   : NO
Use Clock Enable                   : Yes
Use Synchronous Set                : Yes
Use Synchronous Reset              : Yes
Pack IO Registers into IOBs        : Auto
Equivalent register Removal        : YES

---- General Options
Optimization Goal                  : Speed
Optimization Effort                : 1
Keep Hierarchy                     : No
Netlist Hierarchy                  : As_Optimized
RTL Output                         : Yes
Global Optimization                : AllClockNets
Read Cores                         : YES
Write Timing Constraints           : NO
Cross Clock Analysis               : NO
Hierarchy Separator                : /
Bus Delimiter                      : <>
Case Specifier                     : Maintain
Slice Utilization Ratio            : 100
BRAM Utilization Ratio             : 100
Verilog 2001                       : YES
Auto BRAM Packing                  : NO
Slice Utilization Ratio Delta      : 5

=========================================================================


=========================================================================
*                          HDL Compilation                              *
=========================================================================
Compiling verilog file "Image_ROM.v" in library work
Compiling verilog file "VGA_Controller.v" in library work
Module <Image_ROM> compiled
Compiling verilog file "main.v" in library work
Module <VGA_Controller> compiled
Module <main> compiled
No errors in compilation
Analysis of file <"main.prj"> succeeded.
 

=========================================================================
*                     Design Hierarchy Analysis                         *
=========================================================================
Analyzing hierarchy for module <main> in library <work>.

Analyzing hierarchy for module <VGA_Controller> in library <work> with parameters.
	IMAGE_HEIGHT = "00000000000000000000000001011010"
	IMAGE_WIDTH = "00000000000000000000000001111100"
	SCREEN_HEIGHT = "00000000000000000000000111100000"
	SCREEN_WIDTH = "00000000000000000000001010000000"
	X_POS = "00000000000000000000000100000010"
	Y_POS = "00000000000000000000000011000011"

Analyzing hierarchy for module <Image_ROM> in library <work>.

WARNING:Xst:2591 - "main.v" line 13: attribute on instance <CLKFX_DIVIDE> overrides generic/parameter on entity. It is possible that simulator will not take this attribute into account.
WARNING:Xst:2591 - "main.v" line 13: attribute on instance <CLKFX_MULTIPLY> overrides generic/parameter on entity. It is possible that simulator will not take this attribute into account.

=========================================================================
*                            HDL Analysis                               *
=========================================================================
Analyzing top module <main>.
Module <main> is correct for synthesis.
 
    Set user-defined property "CLKDV_DIVIDE =  2.000000" for instance <vga_clock_dcm> in unit <main>.
    Set user-defined property "CLKFX_DIVIDE =  4" for instance <vga_clock_dcm> in unit <main>.
    Set user-defined property "CLKFX_MULTIPLY =  2" for instance <vga_clock_dcm> in unit <main>.
    Set user-defined property "CLKIN_DIVIDE_BY_2 =  FALSE" for instance <vga_clock_dcm> in unit <main>.
    Set user-defined property "CLKIN_PERIOD =  10.000000" for instance <vga_clock_dcm> in unit <main>.
    Set user-defined property "CLKOUT_PHASE_SHIFT =  NONE" for instance <vga_clock_dcm> in unit <main>.
    Set user-defined property "CLK_FEEDBACK =  1X" for instance <vga_clock_dcm> in unit <main>.
    Set user-defined property "DESKEW_ADJUST =  SYSTEM_SYNCHRONOUS" for instance <vga_clock_dcm> in unit <main>.
    Set user-defined property "DFS_FREQUENCY_MODE =  LOW" for instance <vga_clock_dcm> in unit <main>.
    Set user-defined property "DLL_FREQUENCY_MODE =  LOW" for instance <vga_clock_dcm> in unit <main>.
    Set user-defined property "DSS_MODE =  NONE" for instance <vga_clock_dcm> in unit <main>.
    Set user-defined property "DUTY_CYCLE_CORRECTION =  TRUE" for instance <vga_clock_dcm> in unit <main>.
    Set user-defined property "FACTORY_JF =  C080" for instance <vga_clock_dcm> in unit <main>.
    Set user-defined property "PHASE_SHIFT =  0" for instance <vga_clock_dcm> in unit <main>.
    Set user-defined property "SIM_MODE =  SAFE" for instance <vga_clock_dcm> in unit <main>.
    Set user-defined property "STARTUP_WAIT =  FALSE" for instance <vga_clock_dcm> in unit <main>.
Analyzing module <VGA_Controller> in library <work>.
	IMAGE_HEIGHT = 32'sb00000000000000000000000001011010
	IMAGE_WIDTH = 32'sb00000000000000000000000001111100
	SCREEN_HEIGHT = 32'sb00000000000000000000000111100000
	SCREEN_WIDTH = 32'sb00000000000000000000001010000000
	X_POS = 32'sb00000000000000000000000100000010
	Y_POS = 32'sb00000000000000000000000011000011
Module <VGA_Controller> is correct for synthesis.
 
Analyzing module <Image_ROM> in library <work>.
INFO:Xst:2546 - "Image_ROM.v" line 17: reading initialization file "samus.mif".
WARNING:Xst:905 - "Image_ROM.v" line 11: One or more signals are missing in the sensitivity list of always block. To enable synthesis of FPGA/CPLD hardware, XST will assume that all necessary signals are present in the sensitivity list. Please note that the result of the synthesis may differ from the initial design specification. The missing signals are:
   <content>
Module <Image_ROM> is correct for synthesis.
 

=========================================================================
*                           HDL Synthesis                               *
=========================================================================

Performing bidirectional port resolution...

Synthesizing Unit <Image_ROM>.
    Related source file is "Image_ROM.v".
WARNING:Xst:1781 - Signal <content> is used but never assigned. Tied to default value.
    Found 11160x3-bit ROM for signal <data>.
    Summary:
	inferred   1 ROM(s).
Unit <Image_ROM> synthesized.


Synthesizing Unit <VGA_Controller>.
    Related source file is "VGA_Controller.v".
    Found 1-bit register for signal <vsync>.
    Found 3-bit register for signal <rgb>.
    Found 1-bit register for signal <hsync>.
    Found 14-bit up counter for signal <current_address>.
    Found 10-bit comparator greatequal for signal <current_address$cmp_ge0000> created at line 50.
    Found 10-bit comparator greatequal for signal <current_address$cmp_ge0001> created at line 50.
    Found 10-bit comparator greatequal for signal <current_address$cmp_ge0002> created at line 50.
    Found 10-bit comparator greatequal for signal <current_address$cmp_ge0003> created at line 50.
    Found 14-bit comparator less for signal <current_address$cmp_lt0000> created at line 52.
    Found 10-bit comparator less for signal <current_address$cmp_lt0001> created at line 50.
    Found 10-bit comparator less for signal <current_address$cmp_lt0002> created at line 50.
    Found 10-bit comparator less for signal <current_address$cmp_lt0003> created at line 50.
    Found 10-bit comparator less for signal <current_address$cmp_lt0004> created at line 50.
    Found 10-bit up counter for signal <hcount>.
    Found 10-bit comparator greatequal for signal <hsync$cmp_ge0000> created at line 43.
    Found 10-bit comparator less for signal <hsync$cmp_lt0000> created at line 43.
    Found 10-bit up counter for signal <vcount>.
    Found 10-bit comparator greatequal for signal <vsync$cmp_ge0000> created at line 38.
    Found 10-bit comparator less for signal <vsync$cmp_lt0000> created at line 38.
    Summary:
	inferred   3 Counter(s).
	inferred   5 D-type flip-flop(s).
	inferred  13 Comparator(s).
Unit <VGA_Controller> synthesized.


Synthesizing Unit <main>.
    Related source file is "main.v".
Unit <main> synthesized.


=========================================================================
HDL Synthesis Report

Macro Statistics
# ROMs                                                 : 1
 11160x3-bit ROM                                       : 1
# Counters                                             : 3
 10-bit up counter                                     : 2
 14-bit up counter                                     : 1
# Registers                                            : 3
 1-bit register                                        : 2
 3-bit register                                        : 1
# Comparators                                          : 13
 10-bit comparator greatequal                          : 6
 10-bit comparator less                                : 6
 14-bit comparator less                                : 1

=========================================================================

=========================================================================
*                       Advanced HDL Synthesis                          *
=========================================================================


=========================================================================
Advanced HDL Synthesis Report

Macro Statistics
# ROMs                                                 : 1
 11160x3-bit ROM                                       : 1
# Counters                                             : 3
 10-bit up counter                                     : 2
 14-bit up counter                                     : 1
# Registers                                            : 5
 Flip-Flops                                            : 5
# Comparators                                          : 13
 10-bit comparator greatequal                          : 6
 10-bit comparator less                                : 6
 14-bit comparator less                                : 1

=========================================================================

=========================================================================
*                         Low Level Synthesis                           *
=========================================================================
INFO:Xst:1901 - Instance vga_clock_dcm in unit main of type DCM has been replaced by DCM_SP

Optimizing unit <main> ...

Optimizing unit <VGA_Controller> ...

Mapping all equations...
Building and optimizing final netlist ...
Found area constraint ratio of 100 (+ 5) on block main, actual ratio is 12.
FlipFlop vga/current_address_0 has been replicated 2 time(s)
FlipFlop vga/current_address_1 has been replicated 2 time(s)
FlipFlop vga/current_address_2 has been replicated 2 time(s)
FlipFlop vga/current_address_3 has been replicated 1 time(s)

Final Macro Processing ...

=========================================================================
Final Register Report

Macro Statistics
# Registers                                            : 46
 Flip-Flops                                            : 46

=========================================================================

=========================================================================
*                           Partition Report                            *
=========================================================================

Partition Implementation Status
-------------------------------

  No Partitions were found in this design.

-------------------------------

=========================================================================
*                            Final Report                               *
=========================================================================
Final Results
RTL Top Level Output File Name     : main.ngr
Top Level Output File Name         : main
Output Format                      : NGC
Optimization Goal                  : Speed
Keep Hierarchy                     : No

Design Statistics
# IOs                              : 6

Cell Usage :
# BELS                             : 1367
#      GND                         : 1
#      INV                         : 6
#      LUT1                        : 34
#      LUT2                        : 63
#      LUT2_D                      : 8
#      LUT2_L                      : 3
#      LUT3                        : 223
#      LUT3_D                      : 20
#      LUT3_L                      : 8
#      LUT4                        : 535
#      LUT4_D                      : 31
#      LUT4_L                      : 49
#      MUXCY                       : 40
#      MUXF5                       : 227
#      MUXF6                       : 64
#      MUXF7                       : 17
#      MUXF8                       : 3
#      VCC                         : 1
#      XORCY                       : 34
# FlipFlops/Latches                : 46
#      FDR                         : 15
#      FDRE                        : 31
# Clock Buffers                    : 1
#      BUFG                        : 1
# IO Buffers                       : 6
#      IBUFG                       : 1
#      OBUF                        : 5
# DCMs                             : 1
#      DCM_SP                      : 1
=========================================================================

Device utilization summary:
---------------------------

Selected Device : 3s500eft256-5 

 Number of Slices:                      518  out of   4656    11%  
 Number of Slice Flip Flops:             46  out of   9312     0%  
 Number of 4 input LUTs:                980  out of   9312    10%  
 Number of IOs:                           6
 Number of bonded IOBs:                   6  out of    190     3%  
 Number of GCLKs:                         1  out of     24     4%  
 Number of DCMs:                          1  out of      4    25%  

---------------------------
Partition Resource Summary:
---------------------------

  No Partitions were found in this design.

---------------------------


=========================================================================
TIMING REPORT

NOTE: THESE TIMING NUMBERS ARE ONLY A SYNTHESIS ESTIMATE.
      FOR ACCURATE TIMING INFORMATION PLEASE REFER TO THE TRACE REPORT
      GENERATED AFTER PLACE-and-ROUTE.

Clock Information:
------------------
-----------------------------------+------------------------+-------+
Clock Signal                       | Clock buffer(FF name)  | Load  |
-----------------------------------+------------------------+-------+
clk                                | vga_clock_dcm:CLKFX    | 46    |
-----------------------------------+------------------------+-------+

Asynchronous Control Signals Information:
----------------------------------------
No asynchronous control signals found in this design

Timing Summary:
---------------
Speed Grade: -5

   Minimum period: 5.281ns (Maximum Frequency: 189.374MHz)
   Minimum input arrival time before clock: No path found
   Maximum output required time after clock: 4.040ns
   Maximum combinational path delay: No path found

Timing Detail:
--------------
All values displayed in nanoseconds (ns)

=========================================================================
Timing constraint: Default period analysis for Clock 'clk'
  Clock period: 5.281ns (frequency: 189.374MHz)
  Total number of paths / destination ports: 7243 / 121
-------------------------------------------------------------------------
Delay:               10.561ns (Levels of Logic = 11)
  Source:            vga/current_address_3 (FF)
  Destination:       vga/rgb_2 (FF)
  Source Clock:      clk rising 0.5X
  Destination Clock: clk rising 0.5X

  Data Path: vga/current_address_3 to vga/rgb_2
                                Gate     Net
    Cell:in->out      fanout   Delay   Delay  Logical Name (Net Name)
    ----------------------------------------  ------------
     FDRE:C->Q           353   0.514   1.162  vga/current_address_3 (vga/current_address_3)
     LUT4_D:I3->O          5   0.612   0.568  vga/samus/Mrom_data133 (vga/samus/Mrom_data13)
     LUT3:I2->O            1   0.612   0.387  vga/samus/Mrom_data4241_2512_SW0 (N177)
     LUT3:I2->O            1   0.612   0.000  vga/samus/Mrom_data4241_2512 (vga/samus/Mrom_data4241_2512)
     MUXF5:I0->O           1   0.278   0.360  vga/samus/Mrom_data4241_23_f5_6 (vga/samus/Mrom_data4241_23_f57)
     LUT4:I3->O            1   0.612   0.426  vga/current_address<7>440 (vga/current_address<7>5)
     LUT3:I1->O            1   0.612   0.000  vga/samus/Mrom_data4241_14_f5_F (N404)
     MUXF5:I0->O           1   0.278   0.360  vga/samus/Mrom_data4241_14_f5 (vga/samus/Mrom_data4241_14_f5)
     LUT4:I3->O            1   0.612   0.426  vga/current_address<10>184 (vga/current_address<10>2)
     LUT3:I1->O            1   0.612   0.000  vga/samus/Mrom_data4241_5_f5_F (N400)
     MUXF5:I0->O           1   0.278   0.360  vga/samus/Mrom_data4241_5_f5 (vga/samus/Mrom_data4241_5_f5)
     LUT4:I3->O            1   0.612   0.000  vga/current_address<13> (vga/data<2>)
     FDR:D                     0.268          vga/rgb_2
    ----------------------------------------
    Total                     10.561ns (6.512ns logic, 4.049ns route)
                                       (61.7% logic, 38.3% route)

=========================================================================
Timing constraint: Default OFFSET OUT AFTER for Clock 'clk'
  Total number of paths / destination ports: 5 / 5
-------------------------------------------------------------------------
Offset:              4.040ns (Levels of Logic = 1)
  Source:            vga/vsync (FF)
  Destination:       vsync (PAD)
  Source Clock:      clk rising 0.5X

  Data Path: vga/vsync to vsync
                                Gate     Net
    Cell:in->out      fanout   Delay   Delay  Logical Name (Net Name)
    ----------------------------------------  ------------
     FDR:C->Q              1   0.514   0.357  vga/vsync (vga/vsync)
     OBUF:I->O                 3.169          vsync_OBUF (vsync)
    ----------------------------------------
    Total                      4.040ns (3.683ns logic, 0.357ns route)
                                       (91.2% logic, 8.8% route)

=========================================================================


Total REAL time to Xst completion: 30.00 secs
Total CPU time to Xst completion: 29.47 secs
 
--> 

Total memory usage is 240768 kilobytes

Number of errors   :    0 (   0 filtered)
Number of warnings :    4 (   0 filtered)
Number of infos    :    2 (   0 filtered)

